1541276740.304840 client started (8404): version 2.8, socket /tmp//tmux-501/default, protocol 8
1541276740.304932 on Darwin 18.2.0 Darwin Kernel Version 18.2.0: Fri Oct  5 19:41:49 PDT 2018; root:xnu-4903.221.2~2/RELEASE_X86_64; libevent 2.1.8-stable (select)
1541276740.304977 socket is /tmp//tmux-501/default
1541276740.304999 trying connect
1541276740.305033 connect failed: No such file or directory
1541276740.305251 lock file is /tmp//tmux-501/default.lock
1541276740.305319 flock succeeded
1541276740.305328 got lock (6)
1541276740.305338 trying connect
1541276740.305353 connect failed: No such file or directory
1541276740.306403 add peer 0x7f921d01e400: 7 (0x0)
1541276740.327904 sending message 100 to peer 0x7f921d01e400 (4 bytes)
1541276740.327941 sending message 101 to peer 0x7f921d01e400 (15 bytes)
1541276740.327956 sending message 102 to peer 0x7f921d01e400 (13 bytes)
1541276740.327967 sending message 108 to peer 0x7f921d01e400 (44 bytes)
1541276740.327992 sending message 104 to peer 0x7f921d01e400 (0 bytes)
1541276740.328003 sending message 107 to peer 0x7f921d01e400 (4 bytes)
1541276740.328014 sending message 105 to peer 0x7f921d01e400 (60 bytes)
1541276740.328025 sending message 105 to peer 0x7f921d01e400 (66 bytes)
1541276740.328036 sending message 105 to peer 0x7f921d01e400 (76 bytes)
1541276740.328047 sending message 105 to peer 0x7f921d01e400 (14 bytes)
1541276740.328057 sending message 105 to peer 0x7f921d01e400 (22 bytes)
1541276740.328068 sending message 105 to peer 0x7f921d01e400 (14 bytes)
1541276740.328079 sending message 105 to peer 0x7f921d01e400 (17 bytes)
1541276740.328090 sending message 105 to peer 0x7f921d01e400 (48 bytes)
1541276740.328101 sending message 105 to peer 0x7f921d01e400 (15 bytes)
1541276740.328111 sending message 105 to peer 0x7f921d01e400 (24 bytes)
1541276740.328122 sending message 105 to peer 0x7f921d01e400 (27 bytes)
1541276740.328133 sending message 105 to peer 0x7f921d01e400 (23 bytes)
1541276740.328144 sending message 105 to peer 0x7f921d01e400 (203 bytes)
1541276740.328155 sending message 105 to peer 0x7f921d01e400 (20 bytes)
1541276740.328166 sending message 105 to peer 0x7f921d01e400 (22 bytes)
1541276740.328177 sending message 105 to peer 0x7f921d01e400 (20 bytes)
1541276740.328187 sending message 105 to peer 0x7f921d01e400 (23 bytes)
1541276740.328198 sending message 105 to peer 0x7f921d01e400 (57 bytes)
1541276740.328209 sending message 105 to peer 0x7f921d01e400 (16 bytes)
1541276740.328219 sending message 105 to peer 0x7f921d01e400 (19 bytes)
1541276740.328230 sending message 105 to peer 0x7f921d01e400 (19 bytes)
1541276740.328241 sending message 105 to peer 0x7f921d01e400 (38 bytes)
1541276740.328252 sending message 105 to peer 0x7f921d01e400 (61 bytes)
1541276740.328262 sending message 105 to peer 0x7f921d01e400 (8 bytes)
1541276740.328273 sending message 105 to peer 0x7f921d01e400 (51 bytes)
1541276740.328283 sending message 105 to peer 0x7f921d01e400 (33 bytes)
1541276740.328294 sending message 105 to peer 0x7f921d01e400 (11 bytes)
1541276740.328305 sending message 105 to peer 0x7f921d01e400 (8 bytes)
1541276740.328315 sending message 105 to peer 0x7f921d01e400 (21 bytes)
1541276740.328326 sending message 105 to peer 0x7f921d01e400 (32 bytes)
1541276740.328337 sending message 105 to peer 0x7f921d01e400 (22 bytes)
1541276740.328348 sending message 106 to peer 0x7f921d01e400 (0 bytes)
1541276740.328363 sending message 200 to peer 0x7f921d01e400 (4 bytes)
1541276740.328374 client loop enter
1541276740.388777 peer 0x7f921d01e400 message 207
1541276740.388799 sending message 208 to peer 0x7f921d01e400 (0 bytes)
1541276748.171326 peer 0x7f921d01e400 message 201
1541276748.171446 sending message 205 to peer 0x7f921d01e400 (0 bytes)
1541276748.172366 peer 0x7f921d01e400 message 204
1541276748.172396 client loop exit
